This is e-upTeX, Version 3.141592653-p4.1.0-u1.29-230214-2.6 (utf8.uptex) (TeX Live 2023/Debian) (preloaded format=uplatex 2026.4.26)  13 JUL 2026 16:29
entering extended mode
 restricted \write18 enabled.
 file:line:error style messages enabled.
 %&-line parsing enabled.
**/home/kimi1/Desktop/Literacy/latex-G684292026/exercise.tex
(/home/kimi1/Desktop/Literacy/latex-G684292026/exercise.tex
pLaTeX2e <2023-02-14u04>+1, based on
LaTeX2e <2023-11-01> patch level 1
L3 programming layer <2024-01-22>
(/usr/share/texlive/texmf-dist/tex/uplatex/base/ujarticle.cls
Document Class: ujarticle 2020/09/30 v1.8f-u00 Standard upLaTeX class
\c@@paper=\count186
(/usr/share/texlive/texmf-dist/tex/uplatex/base/ujsize11.clo
File: ujsize11.clo 2020/09/30 v1.8f-u00 Standard upLaTeX file (size option)
LaTeX Font Info:    Font shape `JT2/mc/m/n' will be
(Font)              scaled to size 10.53629pt on input line 28.
LaTeX Font Info:    Font shape `JY2/mc/m/n' will be
(Font)              scaled to size 10.53629pt on input line 28.
)
\c@part=\count187
\c@section=\count188
\c@subsection=\count189
\c@subsubsection=\count190
\c@paragraph=\count191
\c@subparagraph=\count192
\c@figure=\count193
\c@table=\count194
\abovecaptionskip=\skip48
\belowcaptionskip=\skip49
\symmincho=\mathgroup4
LaTeX Font Info:    Overwriting symbol font `mincho' in version `bold'
(Font)                  JY2/mc/m/n --> JY2/gt/m/n on input line 616.
\toclineskip=\dimen156
\@lnumwidth=\dimen157
\bibindent=\dimen158
\heisei=\count195
) (/usr/share/texlive/texmf-dist/tex/latex/graphics/graphicx.sty
Package: graphicx 2021/09/16 v1.2d Enhanced LaTeX Graphics (DPC,SPQR)
 (/usr/share/texlive/texmf-dist/tex/latex/graphics/keyval.sty
Package: keyval 2022/05/29 v1.15 key=value parser (DPC)
\KV@toks@=\toks18
) (/usr/share/texlive/texmf-dist/tex/latex/graphics/graphics.sty
Package: graphics 2022/03/10 v1.4e Standard LaTeX Graphics (DPC,SPQR)
 (/usr/share/texlive/texmf-dist/tex/latex/graphics/trig.sty
Package: trig 2021/08/11 v1.11 sin cos tan (DPC)
) (/usr/share/texlive/texmf-dist/tex/latex/graphics-cfg/graphics.cfg
File: graphics.cfg 2016/06/04 v1.11 sample graphics configuration
)
Package graphics Info: Driver file: dvipdfmx.def on input line 107.
 (/usr/share/texlive/texmf-dist/tex/latex/graphics-def/dvipdfmx.def
File: dvipdfmx.def 2022/09/22 v5.0m Graphics/color driver for dvipdfmx
))
\Gin@req@height=\dimen159
\Gin@req@width=\dimen160
) (/usr/share/texlive/texmf-dist/tex/latex/url/url.sty
\Urlmuskip=\muskip16
Package: url 2013/09/16  ver 3.4  Verb mode for urls, etc.
) (./layout.tex) (/usr/share/texlive/texmf-dist/tex/latex/l3backend/l3backend-dvipdfmx.def
File: l3backend-dvipdfmx.def 2024-01-04 L3 backend support: dvipdfmx
\g__graphics_track_int=\count196
\l__pdf_internal_box=\box68
\g__pdf_backend_object_int=\count197
\g__pdf_backend_annotation_int=\count198
\g__pdf_backend_link_int=\count199
) (./exercise.aux)
\openout1 = `exercise.aux'.

LaTeX Font Info:    Checking defaults for OML/cmm/m/it on input line 12.
LaTeX Font Info:    ... okay on input line 12.
LaTeX Font Info:    Checking defaults for OMS/cmsy/m/n on input line 12.
LaTeX Font Info:    ... okay on input line 12.
LaTeX Font Info:    Checking defaults for OT1/cmr/m/n on input line 12.
LaTeX Font Info:    ... okay on input line 12.
LaTeX Font Info:    Checking defaults for T1/cmr/m/n on input line 12.
LaTeX Font Info:    ... okay on input line 12.
LaTeX Font Info:    Checking defaults for TS1/cmr/m/n on input line 12.
LaTeX Font Info:    ... okay on input line 12.
LaTeX Font Info:    Checking defaults for OMX/cmex/m/n on input line 12.
LaTeX Font Info:    ... okay on input line 12.
LaTeX Font Info:    Checking defaults for U/cmr/m/n on input line 12.
LaTeX Font Info:    ... okay on input line 12.
LaTeX Font Info:    Checking defaults for JY2/mc/m/n on input line 12.
LaTeX Font Info:    ... okay on input line 12.
LaTeX Font Info:    Checking defaults for JT2/mc/m/n on input line 12.
LaTeX Font Info:    ... okay on input line 12.
LaTeX Font Info:    Font shape `JT2/mc/m/n' will be
(Font)              scaled to size 16.62714pt on input line 14.
LaTeX Font Info:    Font shape `JY2/mc/m/n' will be
(Font)              scaled to size 16.62714pt on input line 14.
LaTeX Font Info:    Font shape `JT2/mc/m/n' will be
(Font)              scaled to size 11.54663pt on input line 14.
LaTeX Font Info:    Font shape `JY2/mc/m/n' will be
(Font)              scaled to size 11.54663pt on input line 14.
LaTeX Font Info:    External font `cmex10' loaded for size
(Font)              <12> on input line 14.
LaTeX Font Info:    External font `cmex10' loaded for size
(Font)              <8> on input line 14.
LaTeX Font Info:    External font `cmex10' loaded for size
(Font)              <6> on input line 14.
LaTeX Font Info:    Font shape `JY2/mc/m/n' will be
(Font)              scaled to size 7.69775pt on input line 14.
LaTeX Font Info:    Font shape `JY2/mc/m/n' will be
(Font)              scaled to size 5.77332pt on input line 14.
LaTeX Font Info:    Font shape `JT2/mc/m/n' will be
(Font)              scaled to size 13.85594pt on input line 17.
LaTeX Font Info:    Font shape `JY2/mc/m/n' will be
(Font)              scaled to size 13.85594pt on input line 17.
LaTeX Font Info:    Font shape `JT2/mc/bx/n' in size <14.4> not available
(Font)              Font shape `JT2/gt/m/n' tried instead on input line 17.
LaTeX Font Info:    Font shape `JT2/gt/m/n' will be
(Font)              scaled to size 13.85594pt on input line 17.
LaTeX Font Info:    Font shape `JY2/mc/bx/n' in size <14.4> not available
(Font)              Font shape `JY2/gt/m/n' tried instead on input line 17.
LaTeX Font Info:    Font shape `JY2/gt/m/n' will be
(Font)              scaled to size 13.85594pt on input line 17.
File: fig32.png Graphic file (type bmp)
<fig32.png>
 [1

]
LaTeX Font Info:    External font `cmex10' loaded for size
(Font)              <10.95> on input line 65.
 (./exercise.bbl
Underfull \hbox (badness 4582) in paragraph at lines 4--7
[]\OT1/cmr/m/n/10.95 IMD.  IMD world dig-i-tal com-pet-i-tive-ness rank-ing.  $\OT1/cmtt/m/n/10.95 https : / / www . imd . org / centers /
 []


Underfull \hbox (badness 10000) in paragraph at lines 9--12
[]\OT1/cmr/m/n/10.95 OECD.  Broad-band Por-tal.  $\OT1/cmtt/m/n/10.95 https : / / www . oecd . org / digital / broadband /
 []

) [2] (./exercise.aux)
 ***********
pLaTeX2e <2023-02-14u04>+1, based on
LaTeX2e <2023-11-01> patch level 1
L3 programming layer <2024-01-22>
 ***********
 ) 
Here is how much of TeX's memory you used:
 1080 strings out of 474880
 17902 string characters out of 5763319
 1924820 words of memory out of 5000000
 23375 multiletter control sequences out of 15000+600000
 567279 words of font info for 81 fonts, out of 8000000 for 9000
 929 hyphenation exceptions out of 8191
 57i,8n,65p,277b,306s stack positions out of 10000i,1000n,20000p,200000b,200000s

Output written on exercise.dvi (2 pages, 4308 bytes).
